2019-04-24 14:20:09,287 INFO 44476 [egg:logger] init all loggers with options: {"dir":"/Users/allen/Documents/学习/egg-study/logs/egg-study","encoding":"utf8","env":"local","level":"INFO","consoleLevel":"INFO","disableConsoleAfterReady":false,"outputJSON":false,"buffer":true,"appLogName":"egg-study-web.log","coreLogName":"egg-web.log","agentLogName":"egg-agent.log","errorLogName":"common-error.log","coreLogger":{"consoleLevel":"WARN"},"allowDebugAtProd":false,"type":"application"}
2019-04-24 14:20:09,319 INFO 44476 [egg-multipart] stream mode enable
2019-04-24 14:20:09,405 INFO 44476 [egg-static] starting static serve /public/ -> /Users/allen/Documents/学习/egg-study/app/public
2019-04-24 14:20:09,408 INFO 44476 [egg-security] use csrf middleware
2019-04-24 14:20:09,409 INFO 44476 [egg-security] use methodnoallow middleware
2019-04-24 14:20:09,410 INFO 44476 [egg-security] use noopen middleware
2019-04-24 14:20:09,411 INFO 44476 [egg-security] use nosniff middleware
2019-04-24 14:20:09,412 INFO 44476 [egg-security] use xssProtection middleware
2019-04-24 14:20:09,413 INFO 44476 [egg-security] use xframe middleware
2019-04-24 14:20:09,415 INFO 44476 [egg-security] use dta middleware
2019-04-24 14:20:09,415 INFO 44476 [egg-security] compose 7 middlewares into one security middleware
2019-04-24 14:20:09,426 INFO 44476 [egg:core] dump config after load, 4ms
2019-04-24 14:20:09,439 INFO 44476 [egg-watcher:application] watcher start success
2019-04-24 14:20:09,445 INFO 44476 [egg:core] dump config after ready, 5ms
2019-04-24 14:22:32,966 INFO 44544 [egg:logger] init all loggers with options: {"dir":"/Users/allen/Documents/学习/egg-study/logs/egg-study","encoding":"utf8","env":"local","level":"INFO","consoleLevel":"INFO","disableConsoleAfterReady":false,"outputJSON":false,"buffer":true,"appLogName":"egg-study-web.log","coreLogName":"egg-web.log","agentLogName":"egg-agent.log","errorLogName":"common-error.log","coreLogger":{"consoleLevel":"WARN"},"allowDebugAtProd":false,"type":"application"}
2019-04-24 14:22:33,005 INFO 44544 [egg-multipart] stream mode enable
2019-04-24 14:22:33,072 INFO 44544 [egg-static] starting static serve /public/ -> /Users/allen/Documents/学习/egg-study/app/public
2019-04-24 14:22:33,076 INFO 44544 [egg-security] use csrf middleware
2019-04-24 14:22:33,077 INFO 44544 [egg-security] use methodnoallow middleware
2019-04-24 14:22:33,080 INFO 44544 [egg-security] use noopen middleware
2019-04-24 14:22:33,081 INFO 44544 [egg-security] use nosniff middleware
2019-04-24 14:22:33,082 INFO 44544 [egg-security] use xssProtection middleware
2019-04-24 14:22:33,083 INFO 44544 [egg-security] use xframe middleware
2019-04-24 14:22:33,084 INFO 44544 [egg-security] use dta middleware
2019-04-24 14:22:33,084 INFO 44544 [egg-security] compose 7 middlewares into one security middleware
2019-04-24 14:22:33,102 INFO 44544 [egg:core] dump config after load, 9ms
2019-04-24 14:22:33,114 INFO 44544 [egg-watcher:application] watcher start success
2019-04-24 14:22:33,120 INFO 44544 [egg:core] dump config after ready, 4ms
2019-04-24 14:22:33,863 INFO 44555 [egg:logger] init all loggers with options: {"dir":"/Users/allen/Documents/学习/egg-study/logs/egg-study","encoding":"utf8","env":"local","level":"INFO","consoleLevel":"INFO","disableConsoleAfterReady":false,"outputJSON":false,"buffer":true,"appLogName":"egg-study-web.log","coreLogName":"egg-web.log","agentLogName":"egg-agent.log","errorLogName":"common-error.log","coreLogger":{"consoleLevel":"WARN"},"allowDebugAtProd":false,"type":"application"}
2019-04-24 14:22:33,917 INFO 44555 [egg-multipart] stream mode enable
2019-04-24 14:22:33,963 INFO 44555 [egg-static] starting static serve /public/ -> /Users/allen/Documents/学习/egg-study/app/public
2019-04-24 14:22:33,966 INFO 44555 [egg-security] use csrf middleware
2019-04-24 14:22:33,967 INFO 44555 [egg-security] use methodnoallow middleware
2019-04-24 14:22:33,967 INFO 44555 [egg-security] use noopen middleware
2019-04-24 14:22:33,968 INFO 44555 [egg-security] use nosniff middleware
2019-04-24 14:22:33,968 INFO 44555 [egg-security] use xssProtection middleware
2019-04-24 14:22:33,968 INFO 44555 [egg-security] use xframe middleware
2019-04-24 14:22:33,969 INFO 44555 [egg-security] use dta middleware
2019-04-24 14:22:33,969 INFO 44555 [egg-security] compose 7 middlewares into one security middleware
2019-04-24 14:22:33,979 INFO 44555 [egg:core] dump config after load, 6ms
2019-04-24 14:22:33,990 INFO 44555 [egg-watcher:application] watcher start success
2019-04-24 14:22:33,995 INFO 44555 [egg:core] dump config after ready, 4ms
2019-04-24 14:22:44,370 INFO 44569 [egg:logger] init all loggers with options: {"dir":"/Users/allen/Documents/学习/egg-study/logs/egg-study","encoding":"utf8","env":"local","level":"INFO","consoleLevel":"INFO","disableConsoleAfterReady":false,"outputJSON":false,"buffer":true,"appLogName":"egg-study-web.log","coreLogName":"egg-web.log","agentLogName":"egg-agent.log","errorLogName":"common-error.log","coreLogger":{"consoleLevel":"WARN"},"allowDebugAtProd":false,"type":"application"}
2019-04-24 14:22:44,408 INFO 44569 [egg-multipart] stream mode enable
2019-04-24 14:22:44,459 INFO 44569 [egg-static] starting static serve /public/ -> /Users/allen/Documents/学习/egg-study/app/public
2019-04-24 14:22:44,462 INFO 44569 [egg-security] use csrf middleware
2019-04-24 14:22:44,463 INFO 44569 [egg-security] use methodnoallow middleware
2019-04-24 14:22:44,463 INFO 44569 [egg-security] use noopen middleware
2019-04-24 14:22:44,464 INFO 44569 [egg-security] use nosniff middleware
2019-04-24 14:22:44,465 INFO 44569 [egg-security] use xssProtection middleware
2019-04-24 14:22:44,465 INFO 44569 [egg-security] use xframe middleware
2019-04-24 14:22:44,466 INFO 44569 [egg-security] use dta middleware
2019-04-24 14:22:44,466 INFO 44569 [egg-security] compose 7 middlewares into one security middleware
2019-04-24 14:22:44,478 INFO 44569 [egg:core] dump config after load, 9ms
2019-04-24 14:22:44,492 INFO 44569 [egg-watcher:application] watcher start success
2019-04-24 14:22:44,497 INFO 44569 [egg:core] dump config after ready, 3ms
2019-04-24 14:22:59,849 INFO 44579 [egg:logger] init all loggers with options: {"dir":"/Users/allen/Documents/学习/egg-study/logs/egg-study","encoding":"utf8","env":"local","level":"INFO","consoleLevel":"INFO","disableConsoleAfterReady":false,"outputJSON":false,"buffer":true,"appLogName":"egg-study-web.log","coreLogName":"egg-web.log","agentLogName":"egg-agent.log","errorLogName":"common-error.log","coreLogger":{"consoleLevel":"WARN"},"allowDebugAtProd":false,"type":"application"}
2019-04-24 14:22:59,891 INFO 44579 [egg-multipart] stream mode enable
2019-04-24 14:22:59,961 INFO 44579 [egg-static] starting static serve /public/ -> /Users/allen/Documents/学习/egg-study/app/public
2019-04-24 14:22:59,963 INFO 44579 [egg-security] use csrf middleware
2019-04-24 14:22:59,964 INFO 44579 [egg-security] use methodnoallow middleware
2019-04-24 14:22:59,966 INFO 44579 [egg-security] use noopen middleware
2019-04-24 14:22:59,967 INFO 44579 [egg-security] use nosniff middleware
2019-04-24 14:22:59,968 INFO 44579 [egg-security] use xssProtection middleware
2019-04-24 14:22:59,969 INFO 44579 [egg-security] use xframe middleware
2019-04-24 14:22:59,970 INFO 44579 [egg-security] use dta middleware
2019-04-24 14:22:59,970 INFO 44579 [egg-security] compose 7 middlewares into one security middleware
2019-04-24 14:22:59,983 INFO 44579 [egg:core] dump config after load, 6ms
2019-04-24 14:22:59,997 INFO 44579 [egg-watcher:application] watcher start success
2019-04-24 14:23:00,001 INFO 44579 [egg:core] dump config after ready, 3ms
2019-04-24 14:24:34,385 INFO 44637 [egg:logger] init all loggers with options: {"dir":"/Users/allen/Documents/学习/egg-study/logs/egg-study","encoding":"utf8","env":"local","level":"INFO","consoleLevel":"INFO","disableConsoleAfterReady":false,"outputJSON":false,"buffer":true,"appLogName":"egg-study-web.log","coreLogName":"egg-web.log","agentLogName":"egg-agent.log","errorLogName":"common-error.log","coreLogger":{"consoleLevel":"WARN"},"allowDebugAtProd":false,"type":"application"}
2019-04-24 14:24:34,429 INFO 44637 [egg-multipart] stream mode enable
2019-04-24 14:24:34,504 INFO 44637 [egg-static] starting static serve /public/ -> /Users/allen/Documents/学习/egg-study/app/public
2019-04-24 14:24:34,507 INFO 44637 [egg-security] use csrf middleware
2019-04-24 14:24:34,508 INFO 44637 [egg-security] use methodnoallow middleware
2019-04-24 14:24:34,509 INFO 44637 [egg-security] use noopen middleware
2019-04-24 14:24:34,510 INFO 44637 [egg-security] use nosniff middleware
2019-04-24 14:24:34,511 INFO 44637 [egg-security] use xssProtection middleware
2019-04-24 14:24:34,512 INFO 44637 [egg-security] use xframe middleware
2019-04-24 14:24:34,512 INFO 44637 [egg-security] use dta middleware
2019-04-24 14:24:34,512 INFO 44637 [egg-security] compose 7 middlewares into one security middleware
2019-04-24 14:24:34,526 INFO 44637 [egg:core] dump config after load, 7ms
2019-04-24 14:24:34,538 INFO 44637 [egg-watcher:application] watcher start success
2019-04-24 14:24:34,544 INFO 44637 [egg:core] dump config after ready, 4ms
2019-04-24 14:43:08,598 INFO 44977 [egg:logger] init all loggers with options: {"dir":"/Users/allen/Documents/学习/egg-study/logs/egg-study","encoding":"utf8","env":"local","level":"INFO","consoleLevel":"INFO","disableConsoleAfterReady":false,"outputJSON":false,"buffer":true,"appLogName":"egg-study-web.log","coreLogName":"egg-web.log","agentLogName":"egg-agent.log","errorLogName":"common-error.log","coreLogger":{"consoleLevel":"WARN"},"allowDebugAtProd":false,"type":"application"}
2019-04-24 14:43:08,638 INFO 44977 [egg-multipart] stream mode enable
2019-04-24 14:43:08,721 INFO 44977 [egg-static] starting static serve /public/ -> /Users/allen/Documents/学习/egg-study/app/public
2019-04-24 14:43:08,724 INFO 44977 [egg-security] use csrf middleware
2019-04-24 14:43:08,726 INFO 44977 [egg-security] use methodnoallow middleware
2019-04-24 14:43:08,726 INFO 44977 [egg-security] use noopen middleware
2019-04-24 14:43:08,728 INFO 44977 [egg-security] use nosniff middleware
2019-04-24 14:43:08,729 INFO 44977 [egg-security] use xssProtection middleware
2019-04-24 14:43:08,730 INFO 44977 [egg-security] use xframe middleware
2019-04-24 14:43:08,731 INFO 44977 [egg-security] use dta middleware
2019-04-24 14:43:08,731 INFO 44977 [egg-security] compose 7 middlewares into one security middleware
2019-04-24 14:43:08,743 INFO 44977 [egg:core] dump config after load, 4ms
2019-04-24 14:43:08,753 INFO 44977 [egg-watcher:application] watcher start success
2019-04-24 14:43:08,757 INFO 44977 [egg:core] dump config after ready, 3ms
2019-04-24 14:43:43,887 INFO 45007 [egg:logger] init all loggers with options: {"dir":"/Users/allen/Documents/学习/egg-study/logs/egg-study","encoding":"utf8","env":"local","level":"INFO","consoleLevel":"INFO","disableConsoleAfterReady":false,"outputJSON":false,"buffer":true,"appLogName":"egg-study-web.log","coreLogName":"egg-web.log","agentLogName":"egg-agent.log","errorLogName":"common-error.log","coreLogger":{"consoleLevel":"WARN"},"allowDebugAtProd":false,"type":"application"}
2019-04-24 14:43:43,926 INFO 45007 [egg-multipart] stream mode enable
2019-04-24 14:43:43,993 INFO 45007 [egg-static] starting static serve /public/ -> /Users/allen/Documents/学习/egg-study/app/public
2019-04-24 14:43:43,996 INFO 45007 [egg-security] use csrf middleware
2019-04-24 14:43:43,997 INFO 45007 [egg-security] use methodnoallow middleware
2019-04-24 14:43:43,998 INFO 45007 [egg-security] use noopen middleware
2019-04-24 14:43:44,000 INFO 45007 [egg-security] use nosniff middleware
2019-04-24 14:43:44,001 INFO 45007 [egg-security] use xssProtection middleware
2019-04-24 14:43:44,002 INFO 45007 [egg-security] use xframe middleware
2019-04-24 14:43:44,002 INFO 45007 [egg-security] use dta middleware
2019-04-24 14:43:44,002 INFO 45007 [egg-security] compose 7 middlewares into one security middleware
2019-04-24 14:43:44,013 INFO 45007 [egg:core] dump config after load, 5ms
2019-04-24 14:43:44,024 INFO 45007 [egg-watcher:application] watcher start success
2019-04-24 14:43:44,030 INFO 45007 [egg:core] dump config after ready, 5ms
2019-04-24 14:47:35,460 INFO 45076 [egg:logger] init all loggers with options: {"dir":"/Users/allen/Documents/学习/egg-study/logs/egg-study","encoding":"utf8","env":"local","level":"INFO","consoleLevel":"INFO","disableConsoleAfterReady":false,"outputJSON":false,"buffer":true,"appLogName":"egg-study-web.log","coreLogName":"egg-web.log","agentLogName":"egg-agent.log","errorLogName":"common-error.log","coreLogger":{"consoleLevel":"WARN"},"allowDebugAtProd":false,"type":"application"}
2019-04-24 14:47:35,511 INFO 45076 [egg-multipart] stream mode enable
2019-04-24 14:47:35,603 INFO 45076 [egg-static] starting static serve /public/ -> /Users/allen/Documents/学习/egg-study/app/public
2019-04-24 14:47:35,607 INFO 45076 [egg-security] use csrf middleware
2019-04-24 14:47:35,609 INFO 45076 [egg-security] use methodnoallow middleware
2019-04-24 14:47:35,609 INFO 45076 [egg-security] use noopen middleware
2019-04-24 14:47:35,610 INFO 45076 [egg-security] use nosniff middleware
2019-04-24 14:47:35,611 INFO 45076 [egg-security] use xssProtection middleware
2019-04-24 14:47:35,612 INFO 45076 [egg-security] use xframe middleware
2019-04-24 14:47:35,613 INFO 45076 [egg-security] use dta middleware
2019-04-24 14:47:35,613 INFO 45076 [egg-security] compose 7 middlewares into one security middleware
2019-04-24 14:47:35,628 INFO 45076 [egg:core] dump config after load, 9ms
2019-04-24 14:47:35,650 INFO 45076 [egg-watcher:application] watcher start success
2019-04-24 14:47:35,658 INFO 45076 [egg:core] dump config after ready, 5ms
2019-04-24 14:47:41,001 INFO 45087 [egg:logger] init all loggers with options: {"dir":"/Users/allen/Documents/学习/egg-study/logs/egg-study","encoding":"utf8","env":"local","level":"INFO","consoleLevel":"INFO","disableConsoleAfterReady":false,"outputJSON":false,"buffer":true,"appLogName":"egg-study-web.log","coreLogName":"egg-web.log","agentLogName":"egg-agent.log","errorLogName":"common-error.log","coreLogger":{"consoleLevel":"WARN"},"allowDebugAtProd":false,"type":"application"}
2019-04-24 14:47:41,037 INFO 45087 [egg-multipart] stream mode enable
2019-04-24 14:47:41,092 INFO 45087 [egg-static] starting static serve /public/ -> /Users/allen/Documents/学习/egg-study/app/public
2019-04-24 14:47:41,095 INFO 45087 [egg-security] use csrf middleware
2019-04-24 14:47:41,096 INFO 45087 [egg-security] use methodnoallow middleware
2019-04-24 14:47:41,096 INFO 45087 [egg-security] use noopen middleware
2019-04-24 14:47:41,096 INFO 45087 [egg-security] use nosniff middleware
2019-04-24 14:47:41,097 INFO 45087 [egg-security] use xssProtection middleware
2019-04-24 14:47:41,097 INFO 45087 [egg-security] use xframe middleware
2019-04-24 14:47:41,097 INFO 45087 [egg-security] use dta middleware
2019-04-24 14:47:41,097 INFO 45087 [egg-security] compose 7 middlewares into one security middleware
2019-04-24 14:47:41,110 INFO 45087 [egg:core] dump config after load, 9ms
2019-04-24 14:47:41,121 INFO 45087 [egg-watcher:application] watcher start success
2019-04-24 14:47:41,126 INFO 45087 [egg:core] dump config after ready, 3ms
2019-04-24 14:48:19,233 INFO 45151 [egg:logger] init all loggers with options: {"dir":"/Users/allen/Documents/学习/egg-study/logs/egg-study","encoding":"utf8","env":"local","level":"INFO","consoleLevel":"INFO","disableConsoleAfterReady":false,"outputJSON":false,"buffer":true,"appLogName":"egg-study-web.log","coreLogName":"egg-web.log","agentLogName":"egg-agent.log","errorLogName":"common-error.log","coreLogger":{"consoleLevel":"WARN"},"allowDebugAtProd":false,"type":"application"}
2019-04-24 14:48:19,271 INFO 45151 [egg-multipart] stream mode enable
2019-04-24 14:48:19,340 INFO 45151 [egg-static] starting static serve /public/ -> /Users/allen/Documents/学习/egg-study/app/public
2019-04-24 14:48:19,345 INFO 45151 [egg-security] use csrf middleware
2019-04-24 14:48:19,346 INFO 45151 [egg-security] use methodnoallow middleware
2019-04-24 14:48:19,347 INFO 45151 [egg-security] use noopen middleware
2019-04-24 14:48:19,349 INFO 45151 [egg-security] use nosniff middleware
2019-04-24 14:48:19,349 INFO 45151 [egg-security] use xssProtection middleware
2019-04-24 14:48:19,350 INFO 45151 [egg-security] use xframe middleware
2019-04-24 14:48:19,351 INFO 45151 [egg-security] use dta middleware
2019-04-24 14:48:19,351 INFO 45151 [egg-security] compose 7 middlewares into one security middleware
2019-04-24 14:48:19,369 INFO 45151 [egg:core] dump config after load, 9ms
2019-04-24 14:48:19,381 INFO 45151 [egg-watcher:application] watcher start success
2019-04-24 14:48:19,388 INFO 45151 [egg:core] dump config after ready, 4ms
2019-04-24 14:48:23,409 INFO 45162 [egg:logger] init all loggers with options: {"dir":"/Users/allen/Documents/学习/egg-study/logs/egg-study","encoding":"utf8","env":"local","level":"INFO","consoleLevel":"INFO","disableConsoleAfterReady":false,"outputJSON":false,"buffer":true,"appLogName":"egg-study-web.log","coreLogName":"egg-web.log","agentLogName":"egg-agent.log","errorLogName":"common-error.log","coreLogger":{"consoleLevel":"WARN"},"allowDebugAtProd":false,"type":"application"}
2019-04-24 14:48:23,450 INFO 45162 [egg-multipart] stream mode enable
2019-04-24 14:48:23,481 INFO 45162 [egg-static] starting static serve /public/ -> /Users/allen/Documents/学习/egg-study/app/public
2019-04-24 14:48:23,483 INFO 45162 [egg-security] use csrf middleware
2019-04-24 14:48:23,484 INFO 45162 [egg-security] use methodnoallow middleware
2019-04-24 14:48:23,484 INFO 45162 [egg-security] use noopen middleware
2019-04-24 14:48:23,485 INFO 45162 [egg-security] use nosniff middleware
2019-04-24 14:48:23,485 INFO 45162 [egg-security] use xssProtection middleware
2019-04-24 14:48:23,485 INFO 45162 [egg-security] use xframe middleware
2019-04-24 14:48:23,486 INFO 45162 [egg-security] use dta middleware
2019-04-24 14:48:23,486 INFO 45162 [egg-security] compose 7 middlewares into one security middleware
2019-04-24 14:48:23,495 INFO 45162 [egg:core] dump config after load, 4ms
2019-04-24 14:48:23,504 INFO 45162 [egg-watcher:application] watcher start success
2019-04-24 14:48:23,509 INFO 45162 [egg:core] dump config after ready, 3ms
2019-04-24 14:48:24,538 INFO 45164 [egg:logger] init all loggers with options: {"dir":"/Users/allen/Documents/学习/egg-study/logs/egg-study","encoding":"utf8","env":"local","level":"INFO","consoleLevel":"INFO","disableConsoleAfterReady":false,"outputJSON":false,"buffer":true,"appLogName":"egg-study-web.log","coreLogName":"egg-web.log","agentLogName":"egg-agent.log","errorLogName":"common-error.log","coreLogger":{"consoleLevel":"WARN"},"allowDebugAtProd":false,"type":"application"}
2019-04-24 14:48:24,595 INFO 45164 [egg-multipart] stream mode enable
2019-04-24 14:48:24,651 INFO 45164 [egg-static] starting static serve /public/ -> /Users/allen/Documents/学习/egg-study/app/public
2019-04-24 14:48:24,655 INFO 45164 [egg-security] use csrf middleware
2019-04-24 14:48:24,656 INFO 45164 [egg-security] use methodnoallow middleware
2019-04-24 14:48:24,656 INFO 45164 [egg-security] use noopen middleware
2019-04-24 14:48:24,657 INFO 45164 [egg-security] use nosniff middleware
2019-04-24 14:48:24,657 INFO 45164 [egg-security] use xssProtection middleware
2019-04-24 14:48:24,657 INFO 45164 [egg-security] use xframe middleware
2019-04-24 14:48:24,658 INFO 45164 [egg-security] use dta middleware
2019-04-24 14:48:24,658 INFO 45164 [egg-security] compose 7 middlewares into one security middleware
2019-04-24 14:48:24,674 INFO 45164 [egg:core] dump config after load, 6ms
2019-04-24 14:48:24,686 INFO 45164 [egg-watcher:application] watcher start success
2019-04-24 14:48:24,692 INFO 45164 [egg:core] dump config after ready, 3ms
2019-04-24 14:48:26,609 INFO 45174 [egg:logger] init all loggers with options: {"dir":"/Users/allen/Documents/学习/egg-study/logs/egg-study","encoding":"utf8","env":"local","level":"INFO","consoleLevel":"INFO","disableConsoleAfterReady":false,"outputJSON":false,"buffer":true,"appLogName":"egg-study-web.log","coreLogName":"egg-web.log","agentLogName":"egg-agent.log","errorLogName":"common-error.log","coreLogger":{"consoleLevel":"WARN"},"allowDebugAtProd":false,"type":"application"}
2019-04-24 14:48:26,648 INFO 45174 [egg-multipart] stream mode enable
2019-04-24 14:48:26,694 INFO 45174 [egg-static] starting static serve /public/ -> /Users/allen/Documents/学习/egg-study/app/public
2019-04-24 14:48:26,700 INFO 45174 [egg-security] use csrf middleware
2019-04-24 14:48:26,702 INFO 45174 [egg-security] use methodnoallow middleware
2019-04-24 14:48:26,703 INFO 45174 [egg-security] use noopen middleware
2019-04-24 14:48:26,703 INFO 45174 [egg-security] use nosniff middleware
2019-04-24 14:48:26,704 INFO 45174 [egg-security] use xssProtection middleware
2019-04-24 14:48:26,705 INFO 45174 [egg-security] use xframe middleware
2019-04-24 14:48:26,705 INFO 45174 [egg-security] use dta middleware
2019-04-24 14:48:26,705 INFO 45174 [egg-security] compose 7 middlewares into one security middleware
2019-04-24 14:48:26,722 INFO 45174 [egg:core] dump config after load, 8ms
2019-04-24 14:48:26,734 INFO 45174 [egg-watcher:application] watcher start success
2019-04-24 14:48:26,740 INFO 45174 [egg:core] dump config after ready, 4ms
